This is e-pTeX, Version 3.141592653-p4.0.0-220214-2.6 (utf8.sjis) (TeX Live 2022) (preloaded format=platex 2023.1.27)  8 FEB 2023 10:38
entering extended mode
 restricted \write18 enabled.
 file:line:error style messages enabled.
 %&-line parsing enabled.
**c:/Users/19t305/Documents/香川研究室/論文/卒論/thesis.tex
(c:/Users/19t305/Documents/香川研究室/論文/卒論/thesis.tex
pLaTeX2e <2021-11-15>+1 (based on LaTeX2e <2022-11-01> patch level 1)
L3 programming layer <2023-01-24> (./csspaper.cls
Document Class `香川大学 創造工学部 創造工学科 情報システム・セキュリティコース 論文スタイル'.

LaTeX Warning: You have requested document class `csspaper',
               but the document class provides `cssspaper'.

Document Class: cssspaper 2021/12/19 v1.0 kometani.
(c:/texlive/2022/texmf-dist/tex/platex/base/jreport.cls
Document Class: jreport 2020/09/30 v1.8f Standard pLaTeX class
\c@@paper=\count184
(c:/texlive/2022/texmf-dist/tex/platex/base/jsize11.clo
File: jsize11.clo 2020/09/30 v1.8f Standard pLaTeX file (size option)
)
\c@part=\count185
\c@chapter=\count186
\c@section=\count187
\c@subsection=\count188
\c@subsubsection=\count189
\c@paragraph=\count190
\c@subparagraph=\count191
\c@figure=\count192
\c@table=\count193
\abovecaptionskip=\skip48
\belowcaptionskip=\skip49
\symmincho=\mathgroup4
LaTeX Font Info:    Overwriting symbol font `mincho' in version `bold'
(Font)                  JY1/mc/m/n --> JY1/gt/m/n on input line 704.
\toclineskip=\dimen156
\@lnumwidth=\dimen157
\bibindent=\dimen158
\heisei=\count194
)
\@etitlebox=\box68
\@eabstractbox=\box69
\@jabstractbox=\box70
\@keywordbox=\box71
\SIDEMARGIN=\skip50
) (c:/texlive/2022/texmf-dist/tex/latex/base/makeidx.sty
Package: makeidx 2021/10/04 v1.0m Standard LaTeX package
) (c:/texlive/2022/texmf-dist/tex/latex/graphics/graphicx.sty
Package: graphicx 2021/09/16 v1.2d Enhanced LaTeX Graphics (DPC,SPQR)
(c:/texlive/2022/texmf-dist/tex/latex/graphics/keyval.sty
Package: keyval 2022/05/29 v1.15 key=value parser (DPC)
\KV@toks@=\toks17
) (c:/texlive/2022/texmf-dist/tex/latex/graphics/graphics.sty
Package: graphics 2022/03/10 v1.4e Standard LaTeX Graphics (DPC,SPQR)
(c:/texlive/2022/texmf-dist/tex/latex/graphics/trig.sty
Package: trig 2021/08/11 v1.11 sin cos tan (DPC)
) (c:/texlive/2022/texmf-dist/tex/latex/graphics-cfg/graphics.cfg
File: graphics.cfg 2016/06/04 v1.11 sample graphics configuration
)
Package graphics Info: Driver file: dvipdfmx.def on input line 107.
(c:/texlive/2022/texmf-dist/tex/latex/graphics-def/dvipdfmx.def
File: dvipdfmx.def 2022/09/22 v5.0m Graphics/color driver for dvipdfmx
))
\Gin@req@height=\dimen159
\Gin@req@width=\dimen160
) (c:/texlive/2022/texmf-dist/tex/latex/listings/listings.sty
\lst@mode=\count195
\lst@gtempboxa=\box72
\lst@token=\toks18
\lst@length=\count196
\lst@currlwidth=\dimen161
\lst@column=\count197
\lst@pos=\count198
\lst@lostspace=\dimen162
\lst@width=\dimen163
\lst@newlines=\count199
\lst@lineno=\count266
\lst@maxwidth=\dimen164
(c:/texlive/2022/texmf-dist/tex/latex/listings/lstmisc.sty
File: lstmisc.sty 2020/03/24 1.8d (Carsten Heinz)
\c@lstnumber=\count267
\lst@skipnumbers=\count268
\lst@framebox=\box73
) (c:/texlive/2022/texmf-dist/tex/latex/listings/listings.cfg
File: listings.cfg 2020/03/24 1.8d listings configuration
))
Package: listings 2020/03/24 1.8d (Carsten Heinz)
(c:/texlive/2022/texmf-dist/tex/latex/jvlisting/jvlisting.sty
Package: jvlisting 2011/11/17 v0.7 Formatted Program Listings
\jvl@idt=\count269
\jvl@tmphyphenchar=\count270
\jvl@fileinput=\read2
\listingskipamount=\skip51
\listingindent=\dimen165
\prelistingpenalty=\count271
\listingpenalty=\count272
\postlistingpenalty=\count273
)
\@indexfile=\write3
\openout3 = `thesis.idx'.

Writing index file thesis.idx
LaTeX Font Info:    External font `cmex10' loaded for size
(Font)              <10.95> on input line 42.
LaTeX Font Info:    External font `cmex10' loaded for size
(Font)              <8> on input line 42.
LaTeX Font Info:    External font `cmex10' loaded for size
(Font)              <6> on input line 42.
LaTeX Font Info:    Font shape `JT1/mc/bx/n' in size <10.95> not available
(Font)              Font shape `JT1/gt/m/n' tried instead on input line 44.
LaTeX Font Info:    Font shape `JY1/mc/bx/n' in size <10.95> not available
(Font)              Font shape `JY1/gt/m/n' tried instead on input line 44.
(c:/texlive/2022/texmf-dist/tex/latex/l3backend/l3backend-dvips.def
File: l3backend-dvips.def 2023-01-16 L3 backend support: dvips
\l__pdf_internal_box=\box74
\g__pdf_backend_object_int=\count274
\l__pdf_backend_content_box=\box75
\l__pdf_backend_model_box=\box76
\g__pdf_backend_annotation_int=\count275
\g__pdf_backend_link_int=\count276
\g__pdf_backend_link_sf_int=\count277
) (out/thesis.aux)
\openout1 = `thesis.aux'.

LaTeX Font Info:    Checking defaults for OML/cmm/m/it on input line 92.
LaTeX Font Info:    ... okay on input line 92.
LaTeX Font Info:    Checking defaults for OMS/cmsy/m/n on input line 92.
LaTeX Font Info:    ... okay on input line 92.
LaTeX Font Info:    Checking defaults for OT1/cmr/m/n on input line 92.
LaTeX Font Info:    ... okay on input line 92.
LaTeX Font Info:    Checking defaults for T1/cmr/m/n on input line 92.
LaTeX Font Info:    ... okay on input line 92.
LaTeX Font Info:    Checking defaults for TS1/cmr/m/n on input line 92.
LaTeX Font Info:    ... okay on input line 92.
LaTeX Font Info:    Checking defaults for OMX/cmex/m/n on input line 92.
LaTeX Font Info:    ... okay on input line 92.
LaTeX Font Info:    Checking defaults for U/cmr/m/n on input line 92.
LaTeX Font Info:    ... okay on input line 92.
LaTeX Font Info:    Checking defaults for JY1/mc/m/n on input line 92.
LaTeX Font Info:    ... okay on input line 92.
LaTeX Font Info:    Checking defaults for JT1/mc/m/n on input line 92.
LaTeX Font Info:    ... okay on input line 92.
\c@lstlisting=\count278
LaTeX Font Info:    Font shape `JT1/mc/bx/n' in size <20.74> not available
(Font)              Font shape `JT1/gt/m/n' tried instead on input line 93.
LaTeX Font Info:    Font shape `JY1/mc/bx/n' in size <20.74> not available
(Font)              Font shape `JY1/gt/m/n' tried instead on input line 93.
LaTeX Font Info:    Font shape `JT1/mc/bx/n' in size <14.4> not available
(Font)              Font shape `JT1/gt/m/n' tried instead on input line 93.
LaTeX Font Info:    Font shape `JY1/mc/bx/n' in size <14.4> not available
(Font)              Font shape `JY1/gt/m/n' tried instead on input line 93.
[0


]
Overfull \hbox (10.53625pt too wide) in paragraph at lines 93--93
[][] 
 []


Overfull \hbox (10.53625pt too wide) in paragraph at lines 93--93
[][] 
 []


Overfull \hbox (10.53625pt too wide) in paragraph at lines 93--93
[][] 
 []


Overfull \hbox (10.53625pt too wide) in paragraph at lines 93--93
[][] 
 []

[1] (out/thesis.toc [1

])
\tf@toc=\write4
\openout4 = `thesis.toc'.

[2]
第 \lower 0.1ex\hbox { } 1 章
[1

]
LaTeX Font Info:    Font shape `JT1/mc/bx/n' in size <12> not available
(Font)              Font shape `JT1/gt/m/n' tried instead on input line 148.
LaTeX Font Info:    Font shape `JY1/mc/bx/n' in size <12> not available
(Font)              Font shape `JY1/gt/m/n' tried instead on input line 148.
[2] [3] [4] [5]
第 \lower 0.1ex\hbox { } 2 章
[6

] [7] [8]
File: lcq.png Graphic file (type bmp)
<lcq.png>
File: wai.png Graphic file (type bmp)
<wai.png>

LaTeX Warning: `h' float specifier changed to `ht'.

[9] [10]
第 \lower 0.1ex\hbox { } 3 章
File: system.png Graphic file (type bmp)
<system.png>

LaTeX Warning: `h' float specifier changed to `ht'.

[11

]
File: lcq1.png Graphic file (type bmp)
<lcq1.png>

LaTeX Warning: `h' float specifier changed to `ht'.

[12] [13]
File: sample1.png Graphic file (type bmp)
<sample1.png>
File: sample2.png Graphic file (type bmp)
<sample2.png>
[14]
File: sample3.png Graphic file (type bmp)
<sample3.png>
LaTeX Font Info:    Trying to load font information for OML+cmr on input line 622.
(c:/texlive/2022/texmf-dist/tex/latex/base/omlcmr.fd
File: omlcmr.fd 2022/07/10 v2.5l Standard LaTeX font definitions
)
LaTeX Font Info:    Font shape `OML/cmr/m/n' in size <10.95> not available
(Font)              Font shape `OML/cmm/m/it' tried instead on input line 622.
File: sample4.png Graphic file (type bmp)
<sample4.png>

LaTeX Warning: `h' float specifier changed to `ht'.

[15]
File: sample5.png Graphic file (type bmp)
<sample5.png>
[16]
LaTeX Font Info:    Trying to load font information for OMS+cmr on input line 680.
(c:/texlive/2022/texmf-dist/tex/latex/base/omscmr.fd
File: omscmr.fd 2022/07/10 v2.5l Standard LaTeX font definitions
)
LaTeX Font Info:    Font shape `OMS/cmr/m/n' in size <10.95> not available
(Font)              Font shape `OMS/cmsy/m/n' tried instead on input line 680.
File: sample6.png Graphic file (type bmp)
<sample6.png>
[17]
File: sample7.png Graphic file (type bmp)
<sample7.png>
[18]
File: sample8.png Graphic file (type bmp)
<sample8.png>
[19]
File: systempage1.png Graphic file (type bmp)
<systempage1.png>
File: systempage2.png Graphic file (type bmp)
<systempage2.png>

LaTeX Warning: `h' float specifier changed to `ht'.

(c:/texlive/2022/texmf-dist/tex/latex/listings/lstlang1.sty
File: lstlang1.sty 2020/03/24 1.8d listings language file
) (c:/texlive/2022/texmf-dist/tex/latex/listings/lstmisc.sty
File: lstmisc.sty 2020/03/24 1.8d (Carsten Heinz)
) [20]
LaTeX Font Info:    Font shape `JT1/mc/bx/n' in size <10> not available
(Font)              Font shape `JT1/gt/m/n' tried instead on input line 862.
LaTeX Font Info:    Font shape `JY1/mc/bx/n' in size <10> not available
(Font)              Font shape `JY1/gt/m/n' tried instead on input line 862.
LaTeX Font Info:    Font shape `OT1/cmtt/bx/n' in size <10> not available
(Font)              Font shape `OT1/cmtt/m/n' tried instead on input line 862.
File: compile1.png Graphic file (type bmp)
<compile1.png>
File: compile2.png Graphic file (type bmp)
<compile2.png>
[21] [22] [23]
第 \lower 0.1ex\hbox { } 4 章
[24

]
File: question1.png Graphic file (type bmp)
<question1.png>
File: question2.png Graphic file (type bmp)
<question2.png>
File: question3.png Graphic file (type bmp)
<question3.png>
[25] [26] [27]
第 \lower 0.1ex\hbox { } 5 章
[28

] [29] [30]
謝辞
[31

]
参考文献
[32

]
Overfull \hbox (2.69582pt too wide) in paragraph at lines 1220--1221
[]\OT1/cmr/m/n/10.95 https://hackage.haskell.org/package/language-c-quote-0.13/docs/Language-C-Syntax.html
 []

[33] (out/thesis.aux) ) 
Here is how much of TeX's memory you used:
 3112 strings out of 476498
 46339 string characters out of 5805898
 1976309 words of memory out of 5000000
 23737 multiletter control sequences out of 15000+600000
 525445 words of font info for 84 fonts, out of 8000000 for 9000
 929 hyphenation exceptions out of 8191
 57i,9n,62p,335b,1891s stack positions out of 10000i,1000n,20000p,200000b,200000s

Output written on out/thesis.dvi (37 pages, 113316 bytes).
